<?xml version="1.0" encoding="UTF-8"?>
<testng-results ignored="0" total="2" passed="2" failed="0" skipped="0">
  <reporter-output>
  </reporter-output>
  <suite started-at="2026-01-12T12:31:53 IST" name="Default suite" finished-at="2026-01-12T12:32:05 IST" duration-ms="12705">
    <groups>
    </groups>
    <test started-at="2026-01-12T12:31:53 IST" name="Default test" finished-at="2026-01-12T12:32:05 IST" duration-ms="12705">
      <class name="tests.LoginTest">
        <test-method is-config="true" signature="setup()[pri:0, instance:tests.LoginTest@692f203f]" started-at="2026-01-12T12:31:53 IST" name="setup" finished-at="2026-01-12T12:32:00 IST" duration-ms="6996" status="PASS">
          <reporter-output>
          </reporter-output>
        </test-method> <!-- setup -->
        <test-method signature="invalidLoginTest()[pri:0, instance:tests.LoginTest@692f203f]" started-at="2026-01-12T12:32:00 IST" name="invalidLoginTest" finished-at="2026-01-12T12:32:00 IST" duration-ms="760" status="PASS">
          <reporter-output>
          </reporter-output>
        </test-method> <!-- invalidLoginTest -->
        <test-method is-config="true" signature="tearDown()[pri:0, instance:tests.LoginTest@692f203f]" started-at="2026-01-12T12:32:00 IST" name="tearDown" finished-at="2026-01-12T12:32:01 IST" duration-ms="398" status="PASS">
          <reporter-output>
          </reporter-output>
        </test-method> <!-- tearDown -->
        <test-method is-config="true" signature="setup()[pri:0, instance:tests.LoginTest@692f203f]" started-at="2026-01-12T12:32:01 IST" name="setup" finished-at="2026-01-12T12:32:04 IST" duration-ms="3329" status="PASS">
          <reporter-output>
          </reporter-output>
        </test-method> <!-- setup -->
        <test-method signature="validLoginTest()[pri:0, instance:tests.LoginTest@692f203f]" started-at="2026-01-12T12:32:04 IST" name="validLoginTest" finished-at="2026-01-12T12:32:05 IST" duration-ms="765" status="PASS">
          <reporter-output>
          </reporter-output>
        </test-method> <!-- validLoginTest -->
        <test-method is-config="true" signature="tearDown()[pri:0, instance:tests.LoginTest@692f203f]" started-at="2026-01-12T12:32:05 IST" name="tearDown" finished-at="2026-01-12T12:32:05 IST" duration-ms="361" status="PASS">
          <reporter-output>
          </reporter-output>
        </test-method> <!-- tearDown -->
      </class> <!-- tests.LoginTest -->
    </test> <!-- Default test -->
  </suite> <!-- Default suite -->
</testng-results>
